16 decimal is 20 octal!
Physical memory: 66556K available, base = 640K, extended = 65532K
************************************
**check_page_freelist() succeeded!**
************************************

*********************************
**check_page_alloc() succeeded!**
*********************************

*****************************
***check_page() succeeded!***
*****************************

************************************
***check_kern_pgdir() succeeded!****
************************************

************************************
**check_page_freelist() succeeded!**
************************************

*******************************************
check_page_installed_pgdir() succeeded!
*******************************************
SMP: CPU 0 found 1 CPU(s)
enabled interrupts: 1 2
.00000000. new env 00001000
.00000000. new env 00001001
.00000000. new env 00001002
.00000000. new env 00001003
.00000000. new env 00001004
.00000000. new env 00001005
.00000000. new env 00001006
.00000000. new env 00001007
.00000000. new env 00001008
.00000000. new env 00001009
FS is running
FS can do I/O
Device 1 presence: 1
icode startup
icode: open /motd
block cache is good
superblock is good
bitmap is good
alloc_block is good
file_open is good
file_get_block is good
file_flush is good
file_truncate is good
file rewrite is good
icode: read /motd
This is /motd, the message of the day.

Welcome to the JOS kernel, now with a file system!

icode: close /motd
icode: spawn /init
.00001009. new env 0000100a
sys_env_set_trapframe
icode: exiting
.00001009. free env 00001009
init: running
init: data seems okay
init: bss seems okay
init: args: 'init' 'initarg1' 'initarg2'
init: exiting
.0000100a. free env 0000100a
No more runnable environments!
Welcome to the JOS kernel monitor!
Type 'help' for a list of commands.
